top - 16:48:38 up 2 days,  2:01,  0 users,  load average: 0,38, 0,55, 0,50
Tasks: 274 total,   3 running, 271 sleeping,   0 stopped,   0 zombie
%Cpu(s): 37,9 us,  7,6 sy,  0,0 ni, 54,5 id,  0,0 wa,  0,0 hi,  0,0 si,  0,0 st
MiB Mem :   7782,7 total,    306,5 free,   2382,3 used,   5093,8 buff/cache
MiB Swap:   2048,0 total,   2047,7 free,      0,2 used.   4954,4 avail Mem 

    PID USER      PR  NI    VIRT    RES    SHR S  %CPU  %MEM     TIME+ COMMAND
  33341 dead_sp+  20   0 4079148 106972  68076 S  93,8   1,3   0:02.49 vsdbg-ui
  31094 dead_sp+  20   0   50,7g 327688 165092 R  31,2   4,1   1:58.07 code
  31750 dead_sp+  20   0 2891900 306192 161284 S  18,8   3,8   1:04.55 firefox
  27915 dead_sp+  20   0  665772 197712 113380 S  12,5   2,5   1:47.04 code
   1701 dead_sp+  20   0 1249636 179992  73368 S   6,2   2,3   7:23.35 Xorg
  25388 xrdp      20   0   60716  31744  11120 R   6,2   0,4   2:52.01 xrdp
  33410 dead_sp+  20   0   23180   4044   3324 R   6,2   0,1   0:00.01 top
      1 root      20   0  170808  12968   8376 S   0,0   0,2   0:11.39 systemd
      2 root      20   0       0      0      0 S   0,0   0,0   0:00.06 kthreadd
      3 root       0 -20       0      0      0 I   0,0   0,0   0:00.00 rcu_gp
      4 root       0 -20       0      0      0 I   0,0   0,0   0:00.00 rcu_par+
      6 root       0 -20       0      0      0 I   0,0   0,0   0:00.00 kworker+
      8 root       0 -20       0      0      0 I   0,0   0,0   0:00.00 mm_perc+
      9 root      20   0       0      0      0 S   0,0   0,0   0:00.30 ksoftir+
     10 root      20   0       0      0      0 I   0,0   0,0   0:15.84 rcu_sch+
     11 root      rt   0       0      0      0 S   0,0   0,0   0:00.47 migrati+
     12 root     -51   0       0      0      0 S   0,0   0,0   0:00.00 idle_in+
     14 root      20   0       0      0      0 S   0,0   0,0   0:00.00 cpuhp/0
     15 root      20   0       0      0      0 S   0,0   0,0   0:00.00 cpuhp/1
     16 root     -51   0       0      0      0 S   0,0   0,0   0:00.00 idle_in+
     17 root      rt   0       0      0      0 S   0,0   0,0   0:00.57 migrati+
     18 root      20   0       0      0      0 S   0,0   0,0   0:00.26 ksoftir+
     20 root       0 -20       0      0      0 I   0,0   0,0   0:00.00 kworker+
     21 root      20   0       0      0      0 S   0,0   0,0   0:00.00 cpuhp/2
     22 root     -51   0       0      0      0 S   0,0   0,0   0:00.00 idle_in+
     23 root      rt   0       0      0      0 S   0,0   0,0   0:00.57 migrati+
     24 root      20   0       0      0      0 S   0,0   0,0   0:00.46 ksoftir+
     26 root       0 -20       0      0      0 I   0,0   0,0   0:00.00 kworker+
     27 root      20   0       0      0      0 S   0,0   0,0   0:00.00 cpuhp/3
     28 root     -51   0       0      0      0 S   0,0   0,0   0:00.00 idle_in+
     29 root      rt   0       0      0      0 S   0,0   0,0   0:00.59 migrati+
     30 root      20   0       0      0      0 S   0,0   0,0   0:00.49 ksoftir+
     32 root       0 -20       0      0      0 I   0,0   0,0   0:00.00 kworker+
     33 root      20   0       0      0      0 S   0,0   0,0   0:00.00 kdevtmp+
     34 root       0 -20       0      0      0 I   0,0   0,0   0:00.00 netns
     35 root      20   0       0      0      0 S   0,0   0,0   0:00.00 rcu_tas+
     36 root      20   0       0      0      0 S   0,0   0,0   0:00.00 rcu_tas+
     37 root      20   0       0      0      0 S   0,0   0,0   0:00.00 rcu_tas+
     38 root      20   0       0      0      0 S   0,0   0,0   0:00.00 kauditd
     41 root      20   0       0      0      0 S   0,0   0,0   0:00.10 khungta+
     42 root      20   0       0      0      0 S   0,0   0,0   0:00.00 oom_rea+
     43 root       0 -20       0      0      0 I   0,0   0,0   0:00.00 writeba+
     44 root      20   0       0      0      0 S   0,0   0,0   0:00.00 kcompac+
     45 root      25   5       0      0      0 S   0,0   0,0   0:00.00 ksmd
     46 root      39  19       0      0      0 S   0,0   0,0   0:00.00 khugepa+
     93 root       0 -20       0      0      0 I   0,0   0,0   0:00.00 kintegr+
     94 root       0 -20       0      0      0 I   0,0   0,0   0:00.00 kblockd
     95 root       0 -20       0      0      0 I   0,0   0,0   0:00.00 blkcg_p+
     96 root       0 -20       0      0      0 I   0,0   0,0   0:00.00 tpm_dev+
     97 root       0 -20       0      0      0 I   0,0   0,0   0:00.00 ata_sff
     98 root       0 -20       0      0      0 I   0,0   0,0   0:00.00 md
     99 root       0 -20       0      0      0 I   0,0   0,0   0:00.00 edac-po+
    100 root       0 -20       0      0      0 I   0,0   0,0   0:00.00 devfreq+
    101 root      rt   0       0      0      0 S   0,0   0,0   0:00.00 watchdo+
    103 root       0 -20       0      0      0 I   0,0   0,0   0:00.00 pm_wq
    105 root      20   0       0      0      0 S   0,0   0,0   0:00.07 kswapd0
    106 root      20   0       0      0      0 S   0,0   0,0   0:00.00 ecryptf+
    108 root       0 -20       0      0      0 I   0,0   0,0   0:00.00 kthrotld
    109 root       0 -20       0      0      0 I   0,0   0,0   0:00.00 acpi_th+
    110 root       0 -20       0      0      0 I   0,0   0,0   0:00.00 vfio-ir+
    111 root       0 -20       0      0      0 I   0,0   0,0   0:00.00 ipv6_ad+
    120 root       0 -20       0      0      0 I   0,0   0,0   0:00.00 kstrp
    123 root       0 -20       0      0      0 I   0,0   0,0   0:00.00 zswap-s+
    124 root       0 -20       0      0      0 I   0,0   0,0   0:00.00 kworker+
    129 root       0 -20       0      0      0 I   0,0   0,0   0:00.00 charger+
    182 root      20   0       0      0      0 S   0,0   0,0   0:00.00 scsi_eh+
    183 root       0 -20       0      0      0 I   0,0   0,0   0:00.00 scsi_tm+
    184 root      20   0       0      0      0 S   0,0   0,0   0:00.00 scsi_eh+
    185 root       0 -20       0      0      0 I   0,0   0,0   0:00.00 scsi_tm+
    186 root      20   0       0      0      0 S   0,0   0,0   0:00.00 scsi_eh+
    187 root       0 -20       0      0      0 I   0,0   0,0   0:00.00 scsi_tm+
    188 root      20   0       0      0      0 S   0,0   0,0   0:00.00 scsi_eh+
    189 root       0 -20       0      0      0 I   0,0   0,0   0:00.00 scsi_tm+
    195 root       0 -20       0      0      0 I   0,0   0,0   0:00.54 kworker+
    215 root       0 -20       0      0      0 I   0,0   0,0   0:00.12 kworker+
    217 root      20   0       0      0      0 S   0,0   0,0   0:02.16 jbd2/sd+
    218 root       0 -20       0      0      0 I   0,0   0,0   0:00.00 ext4-rs+
    219 root       0 -20       0      0      0 I   0,0   0,0   0:00.14 kworker+
    234 root       0 -20       0      0      0 I   0,0   0,0   0:00.14 kworker+
    258 root      19  -1   84700  32632  31128 S   0,0   0,4   0:04.18 systemd+
    284 root      20   0   23792   7248   3920 S   0,0   0,1   0:00.71 systemd+
    292 root       0 -20       0      0      0 S   0,0   0,0   0:00.00 loop0
    298 root       0 -20       0      0      0 S   0,0   0,0   0:00.00 loop1
    299 root       0 -20       0      0      0 S   0,0   0,0   0:00.00 loop2
    300 root       0 -20       0      0      0 S   0,0   0,0   0:00.00 loop3
    310 root       0 -20       0      0      0 S   0,0   0,0   0:00.00 loop4
    313 root       0 -20       0      0      0 S   0,0   0,0   0:00.00 loop5
    331 root       0 -20       0      0      0 S   0,0   0,0   0:00.00 loop6
    332 root       0 -20       0      0      0 S   0,0   0,0   0:00.00 loop7
    333 root       0 -20       0      0      0 S   0,0   0,0   0:00.02 loop8
    334 root       0 -20       0      0      0 S   0,0   0,0   0:00.00 loop9
    340 root     -51   0       0      0      0 S   0,0   0,0   0:00.00 irq/28-+
    345 root       0 -20       0      0      0 I   0,0   0,0   0:00.00 cryptd
    530 systemd+  20   0   24160  13220   9140 S   0,0   0,2   0:03.92 systemd+
    531 systemd+  20   0   90260   6044   5268 S   0,0   0,1   0:00.37 systemd+
    561 root      20   0  249428   7560   6604 S   0,0   0,1   0:02.30 account+
    562 root      20   0    2548    776    708 S   0,0   0,0   0:00.00 acpid
    565 avahi     20   0    8676   3988   3496 S   0,0   0,1   0:01.52 avahi-d+
    566 root      20   0   20580   3084   2812 S   0,0   0,0   0:00.24 cron
    569 message+  20   0    9832   6364   3980 S   0,0   0,1   0:04.92 dbus-da+
    572 root      20   0  346964  19816  16816 S   0,0   0,2   1:02.78 Network+
    578 root      20   0   81904   3680   3364 S   0,0   0,0   0:06.00 irqbala+
    580 root      20   0   50492  20092  11872 S   0,0   0,3   0:00.15 network+
    585 root      20   0  252320  10664   7212 S   0,0   0,1   0:01.62 polkitd
    590 syslog    20   0  224356   4796   3756 S   0,0   0,1   0:01.09 rsyslogd
    592 root      20   0 1227212  30100  16152 S   0,0   0,4   0:38.69 snapd
    594 root      20   0  246768   6268   5724 S   0,0   0,1   0:00.02 switche+
    595 root      20   0   16880   8204   7184 S   0,0   0,1   0:00.88 systemd+
    596 root      20   0  137428   9468   8636 S   0,0   0,1   0:05.59 thermald
    604 root      20   0  392816  13188  10376 S   0,0   0,2   0:27.46 udisksd
    605 root      20   0   13688   4788   4200 S   0,0   0,1   0:00.43 wpa_sup+
    617 avahi     20   0    8352    328      0 S   0,0   0,0   0:00.00 avahi-d+
    676 root      20   0  129188  22644  14520 S   0,0   0,3   0:00.14 unatten+
    697 root      20   0  313756  10440   8772 S   0,0   0,1   0:00.09 ModemMa+
    715 root      20   0  305880   6984   6028 S   0,0   0,1   0:00.02 lightdm
    731 root      20   0   26492   4420   3396 S   0,0   0,1   0:00.17 xrdp-se+
    766 xrdp      20   0   24224   2248   1636 S   0,0   0,0   0:00.41 xrdp
    789 root      20   0  194044  18776  14044 S   0,0   0,2   0:04.32 apache2
    813 mysql     20   0 2200648 359408  35040 S   0,0   4,5   3:46.40 mysqld
    825 root      20   0  764736  42788  25440 S   0,0   0,5   0:04.18 Xorg
    832 root      20   0   19596   1744   1628 S   0,0   0,0   0:00.00 agetty
    929 root      20   0  159868   7836   6852 S   0,0   0,1   0:00.01 lightdm
    933 lightdm   20   0   18772  10120   8164 S   0,0   0,1   0:00.32 systemd
    934 lightdm   20   0  171152   3476      4 S   0,0   0,0   0:00.00 (sd-pam)
    939 lightdm    9 -11 1081652  18212  13832 S   0,0   0,2   0:00.11 pulseau+
    941 lightdm   39  19  596568  26192  16488 S   0,0   0,3   0:00.23 tracker+
    947 lightdm   20   0    2616    532    468 S   0,0   0,0   0:00.00 lightdm+
    948 lightdm   20   0 1168360  57316  42744 S   0,0   0,7   0:05.46 unity-g+
    951 lightdm   20   0    7696   4840   3892 S   0,0   0,1   0:00.74 dbus-da+
    952 rtkit     21   1  152940   3004   2768 S   0,0   0,0   0:01.60 rtkit-d+
    959 lightdm   20   0  250876   7740   6844 S   0,0   0,1   0:00.02 gvfsd
    974 lightdm   20   0  312808   6240   5588 S   0,0   0,1   0:00.01 gvfsd-f+
    976 lightdm   20   0  325080   9032   7640 S   0,0   0,1   0:04.69 gvfs-ud+
    989 lightdm   20   0  305400   5804   5284 S   0,0   0,1   0:00.01 at-spi-+
    994 lightdm   20   0    7116   3960   3604 S   0,0   0,0   0:00.00 dbus-da+
    996 lightdm   20   0  246864   6452   5868 S   0,0   0,1   0:00.02 gvfs-mt+
   1000 lightdm   20   0  247036   6176   5656 S   0,0   0,1   0:00.02 gvfs-go+
   1006 lightdm   20   0  556176  36324  30440 S   0,0   0,5   0:00.21 goa-dae+
   1015 lightdm   20   0  325916   8972   7924 S   0,0   0,1   0:00.67 goa-ide+
   1021 lightdm   20   0  249272   7220   6380 S   0,0   0,1   0:00.02 gvfs-gp+
   1026 lightdm   20   0  156100   5296   4780 S   0,0   0,1   0:00.00 dconf-s+
   1033 lightdm   20   0  327884   8832   7836 S   0,0   0,1   0:03.34 gvfs-af+
   1036 lightdm   20   0  480792  41824  31496 S   0,0   0,5   0:01.17 nm-appl+
   1038 lightdm   20   0  162772   6752   6120 S   0,0   0,1   0:00.01 at-spi2+
   1041 lightdm   20   0  436956  29340  22760 S   0,0   0,4   0:00.73 unity-s+
   1044 lightdm   20   0  255068  12096  10660 S   0,0   0,2   0:00.02 indicat+
   1046 lightdm   20   0  545592   7452   6648 S   0,0   0,1   0:00.00 indicat+
   1049 lightdm   20   0  380468  17720  15476 S   0,0   0,2   0:01.81 indicat+
   1052 lightdm   20   0  383428  19400  16208 S   0,0   0,2   0:00.09 indicat+
   1059 lightdm   20   0  740764   7972   6932 S   0,0   0,1   0:00.03 indicat+
   1062 lightdm   20   0  932200  11380   9864 S   0,0   0,1   0:00.02 indicat+
   1065 root      20   0  263284   9820   8656 S   0,0   0,1   0:00.14 upowerd
   1104 whoopsie  20   0  326852  15344  13420 S   0,0   0,2   0:00.31 whoopsie
   1109 kernoops  20   0   11264    452      0 S   0,0   0,0   0:03.74 kernelo+
   1118 kernoops  20   0   11264    444      0 S   0,0   0,0   0:03.75 kernelo+
   1179 colord    20   0  257408  14512   9276 S   0,0   0,2   0:00.24 colord
   1183 root      20   0   12292   5952   5236 S   0,0   0,1   0:00.00 lightdm
   1270 lightdm   20   0  229924   5552   5020 S   0,0   0,1   0:00.00 xfconfd
   1686 root      20   0   26336   3808   2828 S   0,0   0,0   0:00.00 xrdp-se+
   1688 dead_sp+  20   0   18740   9980   8156 S   0,0   0,1   0:00.28 systemd
   1689 dead_sp+  20   0  171152   3488      4 S   0,0   0,0   0:00.00 (sd-pam)
   1695 dead_sp+  20   0  291680  14524  12612 S   0,0   0,2   0:00.07 pulseau+
   1697 dead_sp+  39  19  866812  26856  16880 S   0,0   0,3   0:00.80 tracker+
   1699 dead_sp+  20   0    7392   4680   3968 S   0,0   0,1   0:00.26 dbus-da+
   1700 dead_sp+  20   0   20660   3276   3032 S   0,0   0,0   0:00.01 bash
   1719 dead_sp+  20   0  250876   7712   6812 S   0,0   0,1   0:00.04 gvfsd
   1724 dead_sp+  20   0  378344   6416   5760 S   0,0   0,1   0:00.01 gvfsd-f+
   1731 dead_sp+  20   0  398908   9776   8188 S   0,0   0,1   0:04.58 gvfs-ud+
   1737 dead_sp+  20   0  246864   6276   5692 S   0,0   0,1   0:00.03 gvfs-mt+
   1742 dead_sp+  20   0  247036   6168   5640 S   0,0   0,1   0:00.03 gvfs-go+
   1746 dead_sp+  20   0  556176  37088  31112 S   0,0   0,5   0:00.20 goa-dae+
   1753 dead_sp+  20   0  325916   9008   7956 S   0,0   0,1   0:00.60 goa-ide+
   1758 dead_sp+  20   0  249272   6952   6256 S   0,0   0,1   0:00.03 gvfs-gp+
   1763 dead_sp+  20   0  327884   9088   8080 S   0,0   0,1   0:03.23 gvfs-af+
   1764 dead_sp+  20   0  102984   5656   4460 S   0,0   0,1  36:49.59 xrdp-ch+
   1818 dead_sp+  20   0    7172   2060   1632 S   0,0   0,0   0:00.00 dbus-la+
   1820 dead_sp+  20   0    7116   2540   2156 S   0,0   0,0   0:00.00 dbus-da+
   1855 dead_sp+  20   0    7172   2068   1640 S   0,0   0,0   0:00.00 dbus-la+
   1856 dead_sp+  20   0    7996   4124   2804 S   0,0   0,1   0:35.50 dbus-da+
   1865 dead_sp+  20   0    6040    460      0 S   0,0   0,0   0:00.37 ssh-age+
   1874 dead_sp+  20   0 1280268  55604  42608 S   0,0   0,7   0:05.93 xfce4-s+
   1890 dead_sp+  20   0  305404   6756   6192 S   0,0   0,1   0:00.00 at-spi-+
   1895 dead_sp+  20   0    7380   4328   3860 S   0,0   0,1   0:00.70 dbus-da+
   1899 dead_sp+  20   0  230208   5988   5160 S   0,0   0,1   0:01.22 xfconfd
   1905 dead_sp+  20   0  162912   6508   5868 S   0,0   0,1   0:01.53 at-spi2+
   1911 dead_sp+  20   0   94964   3640   3400 S   0,0   0,0   0:00.00 gpg-age+
   1913 dead_sp+  20   0 1286540 105920  66440 S   0,0   1,3   2:27.93 xfwm4
   1917 dead_sp+  20   0  250876   7788   6816 S   0,0   0,1   0:00.16 gvfsd
   1922 dead_sp+  20   0  378344   6352   5696 S   0,0   0,1   0:00.00 gvfsd-f+
   1942 dead_sp+  20   0  239632  20460  14692 S   0,0   0,3   0:01.45 xfsetti+
   1949 dead_sp+  20   0  359676  72336  33908 S   0,0   0,9   0:28.37 xfce4-p+
   1953 dead_sp+  20   0  556132  53328  35168 S   0,0   0,7   1:21.30 Thunar
   1958 dead_sp+  20   0  355528  70328  34112 S   0,0   0,9   0:12.13 xfdeskt+
   1961 dead_sp+  20   0  204612  22552  17452 S   0,0   0,3   0:00.33 panel-6+
   1962 dead_sp+  20   0  322388  38992  31532 S   0,0   0,5   3:00.23 panel-8+
   1963 dead_sp+  20   0  250932  37056  30140 S   0,0   0,5   0:00.41 panel-1+
   1964 dead_sp+  20   0  206960  25884  20548 S   0,0   0,3   0:00.48 panel-1+
   1974 dead_sp+  20   0  428136  29248  22952 S   0,0   0,4   0:02.53 update-+
   1986 dead_sp+  20   0  156360   5836   5088 S   0,0   0,1   0:00.09 dconf-s+
   1987 dead_sp+  20   0  642308  55188  44516 S   0,0   0,7   0:00.43 evoluti+
   1990 dead_sp+  39  19  801528  27168  16916 S   0,0   0,3   0:00.81 tracker+
   1992 dead_sp+  20   0   70648  34540  18532 S   0,0   0,4   0:01.00 applet.+
   2005 dead_sp+  20   0  282720  29244  23568 S   0,0   0,4   0:00.31 xfce4-n+
   2017 dead_sp+  20   0  248056   4784   4328 S   0,0   0,1   0:00.00 agent
   2021 dead_sp+  20   0  511840  33536  27060 S   0,0   0,4   0:00.90 nm-appl+
   2026 dead_sp+  20   0  851564   9280   7780 S   0,0   0,1   0:00.10 xiccd
   2047 dead_sp+  20   0 1081344  25768  21924 S   0,0   0,3   0:00.11 evoluti+
   2060 dead_sp+  20   0  398896   9636   7908 S   0,0   0,1   0:04.53 gvfs-ud+
   2083 dead_sp+  20   0  556180  36488  30624 S   0,0   0,5   0:00.20 goa-dae+
   2088 dead_sp+  20   0  246864   6148   5560 S   0,0   0,1   0:00.11 gvfs-mt+
   2097 dead_sp+  20   0  247036   6728   5964 S   0,0   0,1   0:00.11 gvfs-go+
   2105 dead_sp+  20   0  325916   8920   7864 S   0,0   0,1   0:00.53 goa-ide+
   2113 dead_sp+  20   0  249272   7448   6604 S   0,0   0,1   0:00.11 gvfs-gp+
   2118 dead_sp+  20   0  327884   8900   7876 S   0,0   0,1   0:03.22 gvfs-af+
   2131 dead_sp+  20   0  849840  30132  26336 S   0,0   0,4   0:00.26 evoluti+
   2136 dead_sp+  20   0  325376   8412   7048 S   0,0   0,1   0:00.37 gvfsd-t+
   2142 dead_sp+  20   0  173492   6532   5840 S   0,0   0,1   0:01.06 gvfsd-m+
   2152 dead_sp+  20   0  684344  29548  26048 S   0,0   0,4   0:00.20 evoluti+
   2217 dead_sp+  20   0  373476  25808  14932 S   0,0   0,3   0:06.01 tracker+
   2248 dead_sp+  20   0  398980   8552   7588 S   0,0   0,1   0:00.02 gvfsd-n+
   2260 dead_sp+  20   0  326148   8240   7280 S   0,0   0,1   0:00.06 gvfsd-d+
   2525 dead_sp+  20   0  445448  27360  15144 S   0,0   0,3   0:05.44 tracker+
   3874 dead_sp+  20   0  251352   9112   8156 S   0,0   0,1   0:00.48 gnome-k+
  12790 www-data  20   0  194840  10404   5312 S   0,0   0,1   0:00.07 apache2
  12791 www-data  20   0  194840  10396   5312 S   0,0   0,1   0:00.03 apache2
  12792 www-data  20   0  194840  10400   5312 S   0,0   0,1   0:00.03 apache2
  12793 www-data  20   0  194840  10404   5312 S   0,0   0,1   0:00.03 apache2
  12794 root      20   0   39716   9220   7472 S   0,0   0,1   0:00.01 cupsd
  12796 root      20   0  178400  12492  10924 S   0,0   0,2   0:00.11 cups-br+
  14076 www-data  20   0  194840  10392   5312 S   0,0   0,1   0:00.02 apache2
  14695 dead_sp+  20   0  173424   6476   5856 S   0,0   0,1   0:00.01 gvfsd-m+
  16134 www-data  20   0  194840  10396   5312 S   0,0   0,1   0:00.04 apache2
  16135 www-data  20   0  194840  10396   5312 S   0,0   0,1   0:00.04 apache2
  16136 www-data  20   0  194840  10400   5312 S   0,0   0,1   0:00.02 apache2
  16186 www-data  20   0  194840  10400   5312 S   0,0   0,1   0:00.00 apache2
  18188 dead_sp+  20   0   19252    104      0 S   0,0   0,0   0:00.00 hddtemp
  25795 root       0 -20       0      0      0 I   0,0   0,0   0:00.00 uas
  26148 root       0 -20       0      0      0 S   0,0   0,0   0:00.00 loop10
  26263 root       0 -20       0      0      0 S   0,0   0,0   0:00.10 loop11
  27875 dead_sp+  20   0 4930576 171724 118488 S   0,0   2,2   0:22.42 code
  27877 dead_sp+  20   0  373064  51268  43704 S   0,0   0,6   0:00.03 code
  27878 dead_sp+  20   0  373064  50912  43376 S   0,0   0,6   0:00.02 code
  27914 dead_sp+  20   0  439296  78536  68728 S   0,0   1,0   0:00.35 code
  27960 dead_sp+  20   0   36,5g 131056  93600 S   0,0   1,6   0:15.45 code
  27977 dead_sp+  20   0 4763280  82360  64128 S   0,0   1,0   0:03.44 code
  28804 root      20   0       0      0      0 I   0,0   0,0   0:00.06 kworker+
  29010 root      20   0       0      0      0 I   0,0   0,0   0:00.17 kworker+
  30591 root      20   0       0      0      0 I   0,0   0,0   0:00.34 kworker+
  30778 dead_sp+  20   0  554216  45068  36124 S   0,0   0,6   0:00.95 gnome-t+
  30786 dead_sp+  20   0   21776   4976   3548 S   0,0   0,1   0:00.03 bash
  30893 root      20   0       0      0      0 I   0,0   0,0   0:00.01 kworker+
  31044 root      20   0       0      0      0 I   0,0   0,0   0:01.40 kworker+
  31045 root      20   0       0      0      0 I   0,0   0,0   0:01.44 kworker+
  31112 dead_sp+  20   0 4672100 143952  72996 S   0,0   1,8   0:12.49 code
  31124 dead_sp+  20   0 4635100  83172  63452 S   0,0   1,0   0:01.56 code
  31143 dead_sp+  20   0 4633052  81284  64928 S   0,0   1,0   0:00.60 code
  31176 dead_sp+  20   0   21780   4940   3548 S   0,0   0,1   0:00.02 bash
  31183 dead_sp+  20   0 4001616 109248  55364 S   0,0   1,4   0:05.20 rzls
  31202 dead_sp+  20   0   20664   3460   3164 S   0,0   0,0   0:00.00 bash
  31209 dead_sp+  20   0 2394340 388692  55896 S   0,0   4,9   0:40.13 mono
  31368 dead_sp+  20   0 4638300  82012  65244 S   0,0   1,0   0:00.61 code
  31480 root      20   0       0      0      0 I   0,0   0,0   0:01.25 kworker+
  31562 root      20   0       0      0      0 I   0,0   0,0   0:00.03 kworker+
  31588 dead_sp+  20   0 4603340  90476  62020 S   0,0   1,1   0:01.43 code
  31824 dead_sp+  20   0 2433396 121444  93576 S   0,0   1,5   0:01.31 Privile+
  31876 dead_sp+  20   0 2428068 103104  83404 S   0,0   1,3   0:00.93 WebExte+
  31927 dead_sp+  20   0 2434516 110460  92256 S   0,0   1,4   0:02.21 Web Con+
  31982 root      20   0       0      0      0 I   0,0   0,0   0:00.41 kworker+
  32033 root      20   0       0      0      0 I   0,0   0,0   0:00.00 kworker+
  32050 dead_sp+  20   0 2396492  76444  65084 S   0,0   1,0   0:00.12 Web Con+
  32449 root      20   0       0      0      0 I   0,0   0,0   0:00.42 kworker+
  33131 root      20   0       0      0      0 I   0,0   0,0   0:00.21 kworker+
  33359 dead_sp+  20   0   20,4g  81248  43372 S   0,0   1,0   0:01.14 dotnet
  33409 dead_sp+  20   0   20664   3268   3024 S   0,0   0,0   0:00.00 bash
